# JRE version: Java(TM) SE Runtime Environment (8.0-b132) (build 1.8.0-b132)
# Java VM: Java HotSpot(TM) 64-Bit Server VM (25.0-b70 mixed mode bsd-amd64 compressed oops)
Heap:
 PSYoungGen      total 21504K, used 9551K [0x000000016b180000, 0x000000016d500000, 0x0000000195c00000)
  eden space 17408K, 48% used [0x000000016b180000,0x000000016b9cbd00,0x000000016c280000)
  from space 4096K, 25% used [0x000000016c280000,0x000000016c388000,0x000000016c680000)
  to   space 4096K, 0% used [0x000000016d100000,0x000000016d100000,0x000000016d500000)
 ParOldGen       total 129536K, used 11078K [0x0000000115c00000, 0x000000011da80000, 0x000000016b180000)
  object space 129536K, 8% used [0x0000000115c00000,0x00000001166d1b88,0x000000011da80000)
 Metaspace       used 17649K, capacity 18044K, committed 18304K, reserved 1064960K
  class space    used 2572K, capacity 2663K, committed 2688K, reserved 1048576K
GC Heap History (10 events):
Event: 0.953 GC heap before
{Heap before GC invocations=9 (full 0):
 PSYoungGen      total 8704K, used 7994K [0x000000016b180000, 0x000000016bb80000, 0x0000000195c00000)
  eden space 7168K, 100% used [0x000000016b180000,0x000000016b880000,0x000000016b880000)
  from space 1536K, 53% used [0x000000016ba00000,0x000000016bace8d0,0x000000016bb80000)
  to   space 1536K, 0% used [0x000000016b880000,0x000000016b880000,0x000000016ba00000)
 ParOldGen       total 129536K, used 1252K [0x0000000115c00000, 0x000000011da80000, 0x000000016b180000)
  object space 129536K, 0% used [0x0000000115c00000,0x0000000115d39070,0x000000011da80000)
 Metaspace       used 9506K, capacity 9690K, committed 9856K, reserved 1058816K
  class space    used 1279K, capacity 1330K, committed 1408K, reserved 1048576K
Event: 0.957 GC heap after
Heap after GC invocations=9 (full 0):
 PSYoungGen      total 8704K, used 1184K [0x000000016b180000, 0x000000016c000000, 0x0000000195c00000)
  eden space 7168K, 0% used [0x000000016b180000,0x000000016b180000,0x000000016b880000)
  from space 1536K, 77% used [0x000000016b880000,0x000000016b9a8000,0x000000016ba00000)
  to   space 1536K, 0% used [0x000000016be80000,0x000000016be80000,0x000000016c000000)
 ParOldGen       total 129536K, used 1854K [0x0000000115c00000, 0x000000011da80000, 0x000000016b180000)
  object space 129536K, 1% used [0x0000000115c00000,0x0000000115dcf940,0x000000011da80000)
 Metaspace       used 9506K, capacity 9690K, committed 9856K, reserved 1058816K
  class space    used 1279K, capacity 1330K, committed 1408K, reserved 1048576K
}
Event: 1.191 GC heap before
{Heap before GC invocations=10 (full 0):
 PSYoungGen      total 8704K, used 8352K [0x000000016b180000, 0x000000016c000000, 0x0000000195c00000)
  eden space 7168K, 100% used [0x000000016b180000,0x000000016b880000,0x000000016b880000)
  from space 1536K, 77% used [0x000000016b880000,0x000000016b9a8000,0x000000016ba00000)
  to   space 1536K, 0% used [0x000000016be80000,0x000000016be80000,0x000000016c000000)
 ParOldGen       total 129536K, used 1854K [0x0000000115c00000, 0x000000011da80000, 0x000000016b180000)
  object space 129536K, 1% used [0x0000000115c00000,0x0000000115dcf940,0x000000011da80000)
 Metaspace       used 12225K, capacity 12416K, committed 12672K, reserved 1060864K
  class space    used 1785K, capacity 1833K, committed 1920K, reserved 1048576K
Event: 1.195 GC heap after
Heap after GC invocations=10 (full 0):
 PSYoungGen      total 12800K, used 1536K [0x000000016b180000, 0x000000016c100000, 0x0000000195c00000)
  eden space 11264K, 0% used [0x000000016b180000,0x000000016b180000,0x000000016bc80000)
  from space 1536K, 100% used [0x000000016be80000,0x000000016c000000,0x000000016c000000)
  to   space 2048K, 0% used [0x000000016bc80000,0x000000016bc80000,0x000000016be80000)
 ParOldGen       total 129536K, used 2333K [0x0000000115c00000, 0x000000011da80000, 0x000000016b180000)
  object space 129536K, 1% used [0x0000000115c00000,0x0000000115e47520,0x000000011da80000)
 Metaspace       used 12225K, capacity 12416K, committed 12672K, reserved 1060864K
  class space    used 1785K, capacity 1833K, committed 1920K, reserved 1048576K
}
Event: 3.123 GC heap before
{Heap before GC invocations=11 (full 0):
 PSYoungGen      total 12800K, used 12800K [0x000000016b180000, 0x000000016c100000, 0x0000000195c00000)
  eden space 11264K, 100% used [0x000000016b180000,0x000000016bc80000,0x000000016bc80000)
  from space 1536K, 100% used [0x000000016be80000,0x000000016c000000,0x000000016c000000)
  to   space 2048K, 0% used [0x000000016bc80000,0x000000016bc80000,0x000000016be80000)
 ParOldGen       total 129536K, used 2333K [0x0000000115c00000, 0x000000011da80000, 0x000000016b180000)
  object space 129536K, 1% used [0x0000000115c00000,0x0000000115e47520,0x000000011da80000)
 Metaspace       used 15733K, capacity 15904K, committed 16128K, reserved 1062912K
  class space    used 2391K, capacity 2441K, committed 2560K, reserved 1048576K
Event: 3.129 GC heap after
Heap after GC invocations=11 (full 0):
 PSYoungGen      total 13312K, used 2026K [0x000000016b180000, 0x000000016c980000, 0x0000000195c00000)
  eden space 11264K, 0% used [0x000000016b180000,0x000000016b180000,0x000000016bc80000)
  from space 2048K, 98% used [0x000000016bc80000,0x000000016be7aaa0,0x000000016be80000)
  to   space 3072K, 0% used [0x000000016c680000,0x000000016c680000,0x000000016c980000)
 ParOldGen       total 129536K, used 4186K [0x0000000115c00000, 0x000000011da80000, 0x000000016b180000)
  object space 129536K, 3% used [0x0000000115c00000,0x00000001160169d0,0x000000011da80000)
 Metaspace       used 15733K, capacity 15904K, committed 16128K, reserved 1062912K
  class space    used 2391K, capacity 2441K, committed 2560K, reserved 1048576K
}
Event: 28.337 GC heap before
{Heap before GC invocations=12 (full 0):
 PSYoungGen      total 13312K, used 13290K [0x000000016b180000, 0x000000016c980000, 0x0000000195c00000)
  eden space 11264K, 100% used [0x000000016b180000,0x000000016bc80000,0x000000016bc80000)
  from space 2048K, 98% used [0x000000016bc80000,0x000000016be7aaa0,0x000000016be80000)
  to   space 3072K, 0% used [0x000000016c680000,0x000000016c680000,0x000000016c980000)
 ParOldGen       total 129536K, used 4186K [0x0000000115c00000, 0x000000011da80000, 0x000000016b180000)
  object space 129536K, 3% used [0x0000000115c00000,0x00000001160169d0,0x000000011da80000)
 Metaspace       used 17161K, capacity 17548K, committed 17792K, reserved 1064960K
  class space    used 2540K, capacity 2627K, committed 2688K, reserved 1048576K
Event: 28.344 GC heap after
Heap after GC invocations=12 (full 0):
 PSYoungGen      total 20480K, used 3040K [0x000000016b180000, 0x000000016cb80000, 0x0000000195c00000)
  eden space 17408K, 0% used [0x000000016b180000,0x000000016b180000,0x000000016c280000)
  from space 3072K, 98% used [0x000000016c680000,0x000000016c978010,0x000000016c980000)
  to   space 4096K, 0% used [0x000000016c280000,0x000000016c280000,0x000000016c680000)
 ParOldGen       total 129536K, used 6014K [0x0000000115c00000, 0x000000011da80000, 0x000000016b180000)
  object space 129536K, 4% used [0x0000000115c00000,0x00000001161dfb58,0x000000011da80000)
 Metaspace       used 17161K, capacity 17548K, committed 17792K, reserved 1064960K
  class space    used 2540K, capacity 2627K, committed 2688K, reserved 1048576K
}
Event: 213.411 GC heap before
{Heap before GC invocations=13 (full 0):
 PSYoungGen      total 20480K, used 20448K [0x000000016b180000, 0x000000016cb80000, 0x0000000195c00000)
  eden space 17408K, 100% used [0x000000016b180000,0x000000016c280000,0x000000016c280000)
  from space 3072K, 98% used [0x000000016c680000,0x000000016c978010,0x000000016c980000)
  to   space 4096K, 0% used [0x000000016c280000,0x000000016c280000,0x000000016c680000)
 ParOldGen       total 129536K, used 6014K [0x0000000115c00000, 0x000000011da80000, 0x000000016b180000)
  object space 129536K, 4% used [0x0000000115c00000,0x00000001161dfb58,0x000000011da80000)
 Metaspace       used 17592K, capacity 17980K, committed 18048K, reserved 1064960K
  class space    used 2569K, capacity 2663K, committed 2688K, reserved 1048576K
Event: 213.417 GC heap after
Heap after GC invocations=13 (full 0):
 PSYoungGen      total 21504K, used 1056K [0x000000016b180000, 0x000000016d500000, 0x0000000195c00000)
  eden space 17408K, 0% used [0x000000016b180000,0x000000016b180000,0x000000016c280000)
  from space 4096K, 25% used [0x000000016c280000,0x000000016c388000,0x000000016c680000)
  to   space 4096K, 0% used [0x000000016d100000,0x000000016d100000,0x000000016d500000)
 ParOldGen       total 129536K, used 11078K [0x0000000115c00000, 0x000000011da80000, 0x000000016b180000)
  object space 129536K, 8% used [0x0000000115c00000,0x00000001166d1b88,0x000000011da80000)
 Metaspace       used 17592K, capacity 17980K, committed 18048K, reserved 1064960K
  class space    used 2569K, capacity 2663K, committed 2688K, reserved 1048576K
}

