# JRE version: Java(TM) SE Runtime Environment (8.0-b132) (build 1.8.0-b132)
# Java VM: Java HotSpot(TM) 64-Bit Server VM (25.0-b70 mixed mode bsd-amd64 compressed oops)
Heap:
 PSYoungGen      total 23040K, used 15935K [0x000000016c380000, 0x000000016e880000, 0x0000000196e00000)
  eden space 20480K, 77% used [0x000000016c380000,0x000000016d2effb8,0x000000016d780000)
  from space 2560K, 5% used [0x000000016d780000,0x000000016d7a0000,0x000000016da00000)
  to   space 2560K, 0% used [0x000000016e600000,0x000000016e600000,0x000000016e880000)
 ParOldGen       total 129536K, used 5370K [0x0000000116e00000, 0x000000011ec80000, 0x000000016c380000)
  object space 129536K, 4% used [0x0000000116e00000,0x000000011733e848,0x000000011ec80000)
 Metaspace       used 16904K, capacity 17290K, committed 17536K, reserved 1064960K
  class space    used 2457K, capacity 2564K, committed 2688K, reserved 1048576K
GC Heap History (10 events):
Event: 0.861 GC heap before
{Heap before GC invocations=9 (full 0):
 PSYoungGen      total 9728K, used 9034K [0x000000016c380000, 0x000000016ce80000, 0x0000000196e00000)
  eden space 8192K, 100% used [0x000000016c380000,0x000000016cb80000,0x000000016cb80000)
  from space 1536K, 54% used [0x000000016cd00000,0x000000016cdd29a0,0x000000016ce80000)
  to   space 1536K, 0% used [0x000000016cb80000,0x000000016cb80000,0x000000016cd00000)
 ParOldGen       total 129536K, used 1248K [0x0000000116e00000, 0x000000011ec80000, 0x000000016c380000)
  object space 129536K, 0% used [0x0000000116e00000,0x0000000116f38060,0x000000011ec80000)
 Metaspace       used 10500K, capacity 10722K, committed 11008K, reserved 1058816K
  class space    used 1417K, capacity 1492K, committed 1536K, reserved 1048576K
Event: 0.865 GC heap after
Heap after GC invocations=9 (full 0):
 PSYoungGen      total 9728K, used 1520K [0x000000016c380000, 0x000000016d480000, 0x0000000196e00000)
  eden space 8192K, 0% used [0x000000016c380000,0x000000016c380000,0x000000016cb80000)
  from space 1536K, 98% used [0x000000016cb80000,0x000000016ccfc010,0x000000016cd00000)
  to   space 2048K, 0% used [0x000000016d280000,0x000000016d280000,0x000000016d480000)
 ParOldGen       total 129536K, used 2038K [0x0000000116e00000, 0x000000011ec80000, 0x000000016c380000)
  object space 129536K, 1% used [0x0000000116e00000,0x0000000116ffd870,0x000000011ec80000)
 Metaspace       used 10500K, capacity 10722K, committed 11008K, reserved 1058816K
  class space    used 1417K, capacity 1492K, committed 1536K, reserved 1048576K
}
Event: 1.110 GC heap before
{Heap before GC invocations=10 (full 0):
 PSYoungGen      total 9728K, used 9712K [0x000000016c380000, 0x000000016d480000, 0x0000000196e00000)
  eden space 8192K, 100% used [0x000000016c380000,0x000000016cb80000,0x000000016cb80000)
  from space 1536K, 98% used [0x000000016cb80000,0x000000016ccfc010,0x000000016cd00000)
  to   space 2048K, 0% used [0x000000016d280000,0x000000016d280000,0x000000016d480000)
 ParOldGen       total 129536K, used 2038K [0x0000000116e00000, 0x000000011ec80000, 0x000000016c380000)
  object space 129536K, 1% used [0x0000000116e00000,0x0000000116ffd870,0x000000011ec80000)
 Metaspace       used 13481K, capacity 13676K, committed 13824K, reserved 1060864K
  class space    used 1974K, capacity 2021K, committed 2048K, reserved 1048576K
Event: 1.113 GC heap after
Heap after GC invocations=10 (full 0):
 PSYoungGen      total 14848K, used 2048K [0x000000016c380000, 0x000000016d580000, 0x0000000196e00000)
  eden space 12800K, 0% used [0x000000016c380000,0x000000016c380000,0x000000016d000000)
  from space 2048K, 100% used [0x000000016d280000,0x000000016d480000,0x000000016d480000)
  to   space 2560K, 0% used [0x000000016d000000,0x000000016d000000,0x000000016d280000)
 ParOldGen       total 129536K, used 2318K [0x0000000116e00000, 0x000000011ec80000, 0x000000016c380000)
  object space 129536K, 1% used [0x0000000116e00000,0x0000000117043870,0x000000011ec80000)
 Metaspace       used 13481K, capacity 13676K, committed 13824K, reserved 1060864K
  class space    used 1974K, capacity 2021K, committed 2048K, reserved 1048576K
}
Event: 4.699 GC heap before
{Heap before GC invocations=11 (full 0):
 PSYoungGen      total 14848K, used 14848K [0x000000016c380000, 0x000000016d580000, 0x0000000196e00000)
  eden space 12800K, 100% used [0x000000016c380000,0x000000016d000000,0x000000016d000000)
  from space 2048K, 100% used [0x000000016d280000,0x000000016d480000,0x000000016d480000)
  to   space 2560K, 0% used [0x000000016d000000,0x000000016d000000,0x000000016d280000)
 ParOldGen       total 129536K, used 2318K [0x0000000116e00000, 0x000000011ec80000, 0x000000016c380000)
  object space 129536K, 1% used [0x0000000116e00000,0x0000000117043870,0x000000011ec80000)
 Metaspace       used 16037K, capacity 16214K, committed 16640K, reserved 1062912K
  class space    used 2391K, capacity 2440K, committed 2560K, reserved 1048576K
Event: 4.704 GC heap after
Heap after GC invocations=11 (full 0):
 PSYoungGen      total 15360K, used 1288K [0x000000016c380000, 0x000000016dc80000, 0x0000000196e00000)
  eden space 12800K, 0% used [0x000000016c380000,0x000000016c380000,0x000000016d000000)
  from space 2560K, 50% used [0x000000016d000000,0x000000016d142010,0x000000016d280000)
  to   space 2560K, 0% used [0x000000016da00000,0x000000016da00000,0x000000016dc80000)
 ParOldGen       total 129536K, used 4183K [0x0000000116e00000, 0x000000011ec80000, 0x000000016c380000)
  object space 129536K, 3% used [0x0000000116e00000,0x0000000117215db8,0x000000011ec80000)
 Metaspace       used 16037K, capacity 16214K, committed 16640K, reserved 1062912K
  class space    used 2391K, capacity 2440K, committed 2560K, reserved 1048576K
}
Event: 5.031 GC heap before
{Heap before GC invocations=12 (full 0):
 PSYoungGen      total 15360K, used 14088K [0x000000016c380000, 0x000000016dc80000, 0x0000000196e00000)
  eden space 12800K, 100% used [0x000000016c380000,0x000000016d000000,0x000000016d000000)
  from space 2560K, 50% used [0x000000016d000000,0x000000016d142010,0x000000016d280000)
  to   space 2560K, 0% used [0x000000016da00000,0x000000016da00000,0x000000016dc80000)
 ParOldGen       total 129536K, used 4183K [0x0000000116e00000, 0x000000011ec80000, 0x000000016c380000)
  object space 129536K, 3% used [0x0000000116e00000,0x0000000117215db8,0x000000011ec80000)
 Metaspace       used 16041K, capacity 16214K, committed 16640K, reserved 1062912K
  class space    used 2391K, capacity 2440K, committed 2560K, reserved 1048576K
Event: 5.033 GC heap after
Heap after GC invocations=12 (full 0):
 PSYoungGen      total 23040K, used 128K [0x000000016c380000, 0x000000016dc80000, 0x0000000196e00000)
  eden space 20480K, 0% used [0x000000016c380000,0x000000016c380000,0x000000016d780000)
  from space 2560K, 5% used [0x000000016da00000,0x000000016da20000,0x000000016dc80000)
  to   space 2560K, 0% used [0x000000016d780000,0x000000016d780000,0x000000016da00000)
 ParOldGen       total 129536K, used 5362K [0x0000000116e00000, 0x000000011ec80000, 0x000000016c380000)
  object space 129536K, 4% used [0x0000000116e00000,0x000000011733c848,0x000000011ec80000)
 Metaspace       used 16041K, capacity 16214K, committed 16640K, reserved 1062912K
  class space    used 2391K, capacity 2440K, committed 2560K, reserved 1048576K
}
Event: 5.519 GC heap before
{Heap before GC invocations=13 (full 0):
 PSYoungGen      total 23040K, used 20608K [0x000000016c380000, 0x000000016dc80000, 0x0000000196e00000)
  eden space 20480K, 100% used [0x000000016c380000,0x000000016d780000,0x000000016d780000)
  from space 2560K, 5% used [0x000000016da00000,0x000000016da20000,0x000000016dc80000)
  to   space 2560K, 0% used [0x000000016d780000,0x000000016d780000,0x000000016da00000)
 ParOldGen       total 129536K, used 5362K [0x0000000116e00000, 0x000000011ec80000, 0x000000016c380000)
  object space 129536K, 4% used [0x0000000116e00000,0x000000011733c848,0x000000011ec80000)
 Metaspace       used 16055K, capacity 16278K, committed 16640K, reserved 1062912K
  class space    used 2391K, capacity 2440K, committed 2560K, reserved 1048576K
Event: 5.520 GC heap after
Heap after GC invocations=13 (full 0):
 PSYoungGen      total 23040K, used 128K [0x000000016c380000, 0x000000016e880000, 0x0000000196e00000)
  eden space 20480K, 0% used [0x000000016c380000,0x000000016c380000,0x000000016d780000)
  from space 2560K, 5% used [0x000000016d780000,0x000000016d7a0000,0x000000016da00000)
  to   space 2560K, 0% used [0x000000016e600000,0x000000016e600000,0x000000016e880000)
 ParOldGen       total 129536K, used 5370K [0x0000000116e00000, 0x000000011ec80000, 0x000000016c380000)
  object space 129536K, 4% used [0x0000000116e00000,0x000000011733e848,0x000000011ec80000)
 Metaspace       used 16055K, capacity 16278K, committed 16640K, reserved 1062912K
  class space    used 2391K, capacity 2440K, committed 2560K, reserved 1048576K
}

