# JRE version: Java(TM) SE Runtime Environment (8.0-b132) (build 1.8.0-b132)
# Java VM: Java HotSpot(TM) 64-Bit Server VM (25.0-b70 mixed mode bsd-amd64 compressed oops)
Heap:
 PSYoungGen      total 15360K, used 9184K [0x0000000173780000, 0x0000000175280000, 0x000000019e200000)
  eden space 12800K, 51% used [0x0000000173780000,0x0000000173df96c8,0x0000000174400000)
  from space 2560K, 99% used [0x0000000174400000,0x000000017467ea90,0x0000000174680000)
  to   space 3584K, 0% used [0x0000000174f00000,0x0000000174f00000,0x0000000175280000)
 ParOldGen       total 129536K, used 4470K [0x000000011e200000, 0x0000000126080000, 0x0000000173780000)
  object space 129536K, 3% used [0x000000011e200000,0x000000011e65d9a8,0x0000000126080000)
 Metaspace       used 17020K, capacity 17372K, committed 17792K, reserved 1064960K
  class space    used 2481K, capacity 2567K, committed 2688K, reserved 1048576K
GC Heap History (10 events):
Event: 0.645 GC heap before
{Heap before GC invocations=7 (full 0):
 PSYoungGen      total 5632K, used 5210K [0x0000000173780000, 0x0000000173e80000, 0x000000019e200000)
  eden space 4096K, 100% used [0x0000000173780000,0x0000000173b80000,0x0000000173b80000)
  from space 1536K, 72% used [0x0000000173d00000,0x0000000173e168d0,0x0000000173e80000)
  to   space 1536K, 0% used [0x0000000173b80000,0x0000000173b80000,0x0000000173d00000)
 ParOldGen       total 129536K, used 864K [0x000000011e200000, 0x0000000126080000, 0x0000000173780000)
  object space 129536K, 0% used [0x000000011e200000,0x000000011e2d8010,0x0000000126080000)
 Metaspace       used 5595K, capacity 6650K, committed 6912K, reserved 1056768K
  class space    used 657K, capacity 682K, committed 768K, reserved 1048576K
Event: 0.648 GC heap after
Heap after GC invocations=7 (full 0):
 PSYoungGen      total 5632K, used 762K [0x0000000173780000, 0x0000000174280000, 0x000000019e200000)
  eden space 4096K, 0% used [0x0000000173780000,0x0000000173780000,0x0000000173b80000)
  from space 1536K, 49% used [0x0000000173b80000,0x0000000173c3e8d0,0x0000000173d00000)
  to   space 1536K, 0% used [0x0000000174100000,0x0000000174100000,0x0000000174280000)
 ParOldGen       total 129536K, used 1124K [0x000000011e200000, 0x0000000126080000, 0x0000000173780000)
  object space 129536K, 0% used [0x000000011e200000,0x000000011e319070,0x0000000126080000)
 Metaspace       used 5595K, capacity 6650K, committed 6912K, reserved 1056768K
  class space    used 657K, capacity 682K, committed 768K, reserved 1048576K
}
Event: 0.987 GC heap before
{Heap before GC invocations=8 (full 0):
 PSYoungGen      total 5632K, used 4858K [0x0000000173780000, 0x0000000174280000, 0x000000019e200000)
  eden space 4096K, 100% used [0x0000000173780000,0x0000000173b80000,0x0000000173b80000)
  from space 1536K, 49% used [0x0000000173b80000,0x0000000173c3e8d0,0x0000000173d00000)
  to   space 1536K, 0% used [0x0000000174100000,0x0000000174100000,0x0000000174280000)
 ParOldGen       total 129536K, used 1124K [0x000000011e200000, 0x0000000126080000, 0x0000000173780000)
  object space 129536K, 0% used [0x000000011e200000,0x000000011e319070,0x0000000126080000)
 Metaspace       used 7427K, capacity 7658K, committed 7936K, reserved 1056768K
  class space    used 955K, capacity 978K, committed 1024K, reserved 1048576K
Event: 0.989 GC heap after
Heap after GC invocations=8 (full 0):
 PSYoungGen      total 9728K, used 810K [0x0000000173780000, 0x0000000174280000, 0x000000019e200000)
  eden space 8192K, 0% used [0x0000000173780000,0x0000000173780000,0x0000000173f80000)
  from space 1536K, 52% used [0x0000000174100000,0x00000001741ca9a0,0x0000000174280000)
  to   space 1536K, 0% used [0x0000000173f80000,0x0000000173f80000,0x0000000174100000)
 ParOldGen       total 129536K, used 1268K [0x000000011e200000, 0x0000000126080000, 0x0000000173780000)
  object space 129536K, 0% used [0x000000011e200000,0x000000011e33d070,0x0000000126080000)
 Metaspace       used 7427K, capacity 7658K, committed 7936K, reserved 1056768K
  class space    used 955K, capacity 978K, committed 1024K, reserved 1048576K
}
Event: 1.263 GC heap before
{Heap before GC invocations=9 (full 0):
 PSYoungGen      total 9728K, used 8994K [0x0000000173780000, 0x0000000174280000, 0x000000019e200000)
  eden space 8192K, 99% used [0x0000000173780000,0x0000000173f7e170,0x0000000173f80000)
  from space 1536K, 52% used [0x0000000174100000,0x00000001741ca9a0,0x0000000174280000)
  to   space 1536K, 0% used [0x0000000173f80000,0x0000000173f80000,0x0000000174100000)
 ParOldGen       total 129536K, used 1268K [0x000000011e200000, 0x0000000126080000, 0x0000000173780000)
  object space 129536K, 0% used [0x000000011e200000,0x000000011e33d070,0x0000000126080000)
 Metaspace       used 10517K, capacity 10722K, committed 11008K, reserved 1058816K
  class space    used 1423K, capacity 1492K, committed 1536K, reserved 1048576K
Event: 1.267 GC heap after
Heap after GC invocations=9 (full 0):
 PSYoungGen      total 9728K, used 1512K [0x0000000173780000, 0x0000000174880000, 0x000000019e200000)
  eden space 8192K, 0% used [0x0000000173780000,0x0000000173780000,0x0000000173f80000)
  from space 1536K, 98% used [0x0000000173f80000,0x00000001740fa010,0x0000000174100000)
  to   space 2048K, 0% used [0x0000000174680000,0x0000000174680000,0x0000000174880000)
 ParOldGen       total 129536K, used 1849K [0x000000011e200000, 0x0000000126080000, 0x0000000173780000)
  object space 129536K, 1% used [0x000000011e200000,0x000000011e3ce460,0x0000000126080000)
 Metaspace       used 10517K, capacity 10722K, committed 11008K, reserved 1058816K
  class space    used 1423K, capacity 1492K, committed 1536K, reserved 1048576K
}
Event: 1.638 GC heap before
{Heap before GC invocations=10 (full 0):
 PSYoungGen      total 9728K, used 9704K [0x0000000173780000, 0x0000000174880000, 0x000000019e200000)
  eden space 8192K, 100% used [0x0000000173780000,0x0000000173f80000,0x0000000173f80000)
  from space 1536K, 98% used [0x0000000173f80000,0x00000001740fa010,0x0000000174100000)
  to   space 2048K, 0% used [0x0000000174680000,0x0000000174680000,0x0000000174880000)
 ParOldGen       total 129536K, used 1849K [0x000000011e200000, 0x0000000126080000, 0x0000000173780000)
  object space 129536K, 1% used [0x000000011e200000,0x000000011e3ce460,0x0000000126080000)
 Metaspace       used 13375K, capacity 13536K, committed 13824K, reserved 1060864K
  class space    used 1957K, capacity 1993K, committed 2048K, reserved 1048576K
Event: 1.643 GC heap after
Heap after GC invocations=10 (full 0):
 PSYoungGen      total 14848K, used 2048K [0x0000000173780000, 0x0000000174980000, 0x000000019e200000)
  eden space 12800K, 0% used [0x0000000173780000,0x0000000173780000,0x0000000174400000)
  from space 2048K, 100% used [0x0000000174680000,0x0000000174880000,0x0000000174880000)
  to   space 2560K, 0% used [0x0000000174400000,0x0000000174400000,0x0000000174680000)
 ParOldGen       total 129536K, used 2129K [0x000000011e200000, 0x0000000126080000, 0x0000000173780000)
  object space 129536K, 1% used [0x000000011e200000,0x000000011e414460,0x0000000126080000)
 Metaspace       used 13375K, capacity 13536K, committed 13824K, reserved 1060864K
  class space    used 1957K, capacity 1993K, committed 2048K, reserved 1048576K
}
Event: 10.064 GC heap before
{Heap before GC invocations=11 (full 0):
 PSYoungGen      total 14848K, used 14848K [0x0000000173780000, 0x0000000174980000, 0x000000019e200000)
  eden space 12800K, 100% used [0x0000000173780000,0x0000000174400000,0x0000000174400000)
  from space 2048K, 100% used [0x0000000174680000,0x0000000174880000,0x0000000174880000)
  to   space 2560K, 0% used [0x0000000174400000,0x0000000174400000,0x0000000174680000)
 ParOldGen       total 129536K, used 2129K [0x000000011e200000, 0x0000000126080000, 0x0000000173780000)
  object space 129536K, 1% used [0x000000011e200000,0x000000011e414460,0x0000000126080000)
 Metaspace       used 16571K, capacity 16876K, committed 17152K, reserved 1064960K
  class space    used 2452K, capacity 2531K, committed 2560K, reserved 1048576K
Event: 10.075 GC heap after
Heap after GC invocations=11 (full 0):
 PSYoungGen      total 15360K, used 2554K [0x0000000173780000, 0x0000000175280000, 0x000000019e200000)
  eden space 12800K, 0% used [0x0000000173780000,0x0000000173780000,0x0000000174400000)
  from space 2560K, 99% used [0x0000000174400000,0x000000017467ea90,0x0000000174680000)
  to   space 3584K, 0% used [0x0000000174f00000,0x0000000174f00000,0x0000000175280000)
 ParOldGen       total 129536K, used 4470K [0x000000011e200000, 0x0000000126080000, 0x0000000173780000)
  object space 129536K, 3% used [0x000000011e200000,0x000000011e65d9a8,0x0000000126080000)
 Metaspace       used 16571K, capacity 16876K, committed 17152K, reserved 1064960K
  class space    used 2452K, capacity 2531K, committed 2560K, reserved 1048576K
}

